
        ==========     _____ _    _ ____  _____  ______          _____  
        =====         / ____| |  | |  _ \|  __ \|  ____|   /\   |  __ \ 
          =====      | (___ | |  | | |_) | |__) | |__     /  \  | |  | |
            ====      \___ \| |  | |  _ <|  _  /|  __|   / /\ \ | |  | |
              ====    ____) | |__| | |_) | | \ \| |____ / ____ \| |__| |
        ==========   |_____/ \____/|____/|_|  \_\______/_/    \_\_____/
	  v2.1.1

//========================== featureCounts setting ===========================\\
||                                                                            ||
||             Input files : 1 BAM file                                       ||
||                                                                            ||
||                           MOT36309.bam                                     ||
||                                                                            ||
||             Output file : MOT36309.counts.txt                              ||
||                 Summary : MOT36309.counts.txt.summary                      ||
||              Paired-end : yes                                              ||
||        Count read pairs : no                                               ||
||              Annotation : gencode.v37lift37.annotation.gtf (GTF)           ||
||      Dir for temp files : project/counts                                   ||
||                                                                            ||
||                 Threads : 1                                                ||
||                   Level : meta-feature level                               ||
||      Multimapping reads : not counted                                      ||
|| Multi-overlapping reads : not counted                                      ||
||   Min overlapping bases : 1                                                ||
||                                                                            ||
\\============================================================================//

//================================= Running ==================================\\
||                                                                            ||
|| Load annotation file gencode.v37lift37.annotation.gtf ...                  ||
||    Features : 1463217                                                      ||
||    Meta-features : 59607                                                   ||
||    Chromosomes/contigs : 25                                                ||
||                                                                            ||
|| Process BAM file MOT36309.bam...                                           ||
||    Paired-end reads are included.                                          ||
||    The reads are assigned on the single-end mode.                          ||
||    Total alignments : 555404                                               ||
||    Successfully assigned alignments : 356534 (64.2%)                       ||
||    Running time : 0.01 minutes                                             ||
||                                                                            ||
|| Write the final count table.                                               ||
|| Write the read assignment summary.                                         ||
||                                                                            ||
|| Summary of counting results can be found in file "project/counts/MOT36309  ||
|| .counts.txt.summary"                                                       ||
||                                                                            ||
\\============================================================================//

